<?xml version="1.0" encoding="UTF-8"?>
<!-- Generated by org.testng.reporters.JUnitXMLReporter -->
<testsuite ignored="1" hostname="DESKTOP-FTJOHH2" failures="0" tests="1" name="Default test" time="0.129" errors="0" timestamp="2021-06-23T12:02:00 IST">
  <testcase classname="qaclickacademy.AppiumTest" name="deleteTwitter" time="0.058"/>
  <testcase classname="qaclickacademy.AppiumTest" name="NativeAppAndroid" time="0.0">
    <ignored/>
  </testcase> <!-- NativeAppAndroid -->
</testsuite> <!-- Default test -->
