<?xml version="1.0" encoding="UTF-8"?>
<!-- Generated by org.testng.reporters.JUnitXMLReporter -->
<testsuite hostname="DESKTOP-FTJOHH2" name="Test" tests="4" failures="0" timestamp="23 Jun 2021 10:37:07 GMT" time="0.046" errors="0">
  <testcase name="NativeAppAndroid" time="0.026" classname="qaclickacademy.AppiumTest"/>
  <testcase name="deleteTwitter" time="0.0" classname="qaclickacademy.AppiumTest"/>
  <testcase name="BrowserAutomation" time="0.001" classname="qaclickacademy.SeleniumTest"/>
  <testcase name="elementUI" time="0.0" classname="qaclickacademy.SeleniumTest"/>
</testsuite> <!-- Test -->
